{"/Users/iryna/2048/constants/boxbackgrounds.js": {"path":"/Users/iryna/2048/constants/boxbackgrounds.js","statementMap":{"0":{"start":{"line":1,"column":29},"end":{"line":16,"column":1}}},"fnMap":{},"branchMap":{},"s":{"0":1},"f":{},"b":{},"_coverageSchema":"1a1c01bbd47fc00a2c39e90264f33305004495a9","hash":"7f35f68952e7b189254e8e1901ed1f73b3d71a8c"}
,"/Users/iryna/2048/constants/boxsize.js": {"path":"/Users/iryna/2048/constants/boxsize.js","statementMap":{"0":{"start":{"line":1,"column":23},"end":{"line":22,"column":1}}},"fnMap":{},"branchMap":{},"s":{"0":1},"f":{},"b":{},"_coverageSchema":"1a1c01bbd47fc00a2c39e90264f33305004495a9","hash":"0180ac0e6aedd8b9f39b3fe2071e0c024c645553"}
,"/Users/iryna/2048/constants/numbercolors.js": {"path":"/Users/iryna/2048/constants/numbercolors.js","statementMap":{"0":{"start":{"line":1,"column":28},"end":{"line":4,"column":1}}},"fnMap":{},"branchMap":{},"s":{"0":1},"f":{},"b":{},"_coverageSchema":"1a1c01bbd47fc00a2c39e90264f33305004495a9","hash":"cdfef69b291306b2d24c836c9e5ce206c3270f14"}
,"/Users/iryna/2048/constants/titles.js": {"path":"/Users/iryna/2048/constants/titles.js","statementMap":{"0":{"start":{"line":1,"column":27},"end":{"line":7,"column":1}}},"fnMap":{},"branchMap":{},"s":{"0":1},"f":{},"b":{},"_coverageSchema":"1a1c01bbd47fc00a2c39e90264f33305004495a9","hash":"46dd73bdfd77b2de0afbb57a535a3cc45ce1ec83"}
,"/Users/iryna/2048/helpers/helpers.js": {"path":"/Users/iryna/2048/helpers/helpers.js","statementMap":{"0":{"start":{"line":7,"column":2},"end":{"line":7,"column":41}},"1":{"start":{"line":11,"column":2},"end":{"line":11,"column":41}},"2":{"start":{"line":15,"column":2},"end":{"line":17,"column":3}},"3":{"start":{"line":16,"column":4},"end":{"line":16,"column":20}},"4":{"start":{"line":18,"column":2},"end":{"line":18,"column":18}},"5":{"start":{"line":22,"column":2},"end":{"line":24,"column":3}},"6":{"start":{"line":23,"column":4},"end":{"line":23,"column":20}},"7":{"start":{"line":25,"column":2},"end":{"line":25,"column":18}},"8":{"start":{"line":29,"column":2},"end":{"line":42,"column":3}},"9":{"start":{"line":31,"column":6},"end":{"line":31,"column":47}},"10":{"start":{"line":33,"column":6},"end":{"line":33,"column":42}},"11":{"start":{"line":35,"column":6},"end":{"line":35,"column":43}},"12":{"start":{"line":37,"column":6},"end":{"line":37,"column":43}},"13":{"start":{"line":39,"column":6},"end":{"line":39,"column":42}},"14":{"start":{"line":41,"column":6},"end":{"line":41,"column":42}},"15":{"start":{"line":46,"column":2},"end":{"line":59,"column":3}},"16":{"start":{"line":48,"column":6},"end":{"line":48,"column":46}},"17":{"start":{"line":50,"column":6},"end":{"line":50,"column":41}},"18":{"start":{"line":52,"column":6},"end":{"line":52,"column":42}},"19":{"start":{"line":54,"column":6},"end":{"line":54,"column":42}},"20":{"start":{"line":56,"column":6},"end":{"line":56,"column":41}},"21":{"start":{"line":58,"column":6},"end":{"line":58,"column":41}},"22":{"start":{"line":63,"column":2},"end":{"line":94,"column":3}},"23":{"start":{"line":65,"column":6},"end":{"line":65,"column":32}},"24":{"start":{"line":67,"column":6},"end":{"line":67,"column":31}},"25":{"start":{"line":69,"column":6},"end":{"line":69,"column":32}},"26":{"start":{"line":71,"column":6},"end":{"line":71,"column":33}},"27":{"start":{"line":73,"column":6},"end":{"line":73,"column":35}},"28":{"start":{"line":75,"column":6},"end":{"line":75,"column":37}},"29":{"start":{"line":77,"column":6},"end":{"line":77,"column":37}},"30":{"start":{"line":79,"column":6},"end":{"line":79,"column":35}},"31":{"start":{"line":81,"column":6},"end":{"line":81,"column":38}},"32":{"start":{"line":83,"column":6},"end":{"line":83,"column":39}},"33":{"start":{"line":85,"column":6},"end":{"line":85,"column":36}},"34":{"start":{"line":87,"column":6},"end":{"line":87,"column":39}},"35":{"start":{"line":89,"column":6},"end":{"line":89,"column":40}},"36":{"start":{"line":91,"column":6},"end":{"line":91,"column":41}},"37":{"start":{"line":93,"column":6},"end":{"line":93,"column":32}},"38":{"start":{"line":98,"column":2},"end":{"line":105,"column":3}},"39":{"start":{"line":102,"column":6},"end":{"line":102,"column":36}},"40":{"start":{"line":104,"column":6},"end":{"line":104,"column":37}}},"fnMap":{"0":{"name":"getBack","decl":{"start":{"line":6,"column":16},"end":{"line":6,"column":23}},"loc":{"start":{"line":6,"column":38},"end":{"line":8,"column":1}},"line":6},"1":{"name":"getForward","decl":{"start":{"line":10,"column":16},"end":{"line":10,"column":26}},"loc":{"start":{"line":10,"column":41},"end":{"line":12,"column":1}},"line":10},"2":{"name":"getBackSize","decl":{"start":{"line":14,"column":16},"end":{"line":14,"column":27}},"loc":{"start":{"line":14,"column":48},"end":{"line":19,"column":1}},"line":14},"3":{"name":"getForwardSize","decl":{"start":{"line":21,"column":16},"end":{"line":21,"column":30}},"loc":{"start":{"line":21,"column":51},"end":{"line":26,"column":1}},"line":21},"4":{"name":"getBoxSize","decl":{"start":{"line":28,"column":16},"end":{"line":28,"column":26}},"loc":{"start":{"line":28,"column":42},"end":{"line":43,"column":1}},"line":28},"5":{"name":"getFontSize","decl":{"start":{"line":45,"column":16},"end":{"line":45,"column":27}},"loc":{"start":{"line":45,"column":43},"end":{"line":60,"column":1}},"line":45},"6":{"name":"getBackgroundNumberBox","decl":{"start":{"line":62,"column":16},"end":{"line":62,"column":38}},"loc":{"start":{"line":62,"column":44},"end":{"line":95,"column":1}},"line":62},"7":{"name":"getNumberColor","decl":{"start":{"line":97,"column":16},"end":{"line":97,"column":30}},"loc":{"start":{"line":97,"column":36},"end":{"line":106,"column":1}},"line":97}},"branchMap":{"0":{"loc":{"start":{"line":15,"column":2},"end":{"line":17,"column":3}},"type":"if","locations":[{"start":{"line":15,"column":2},"end":{"line":17,"column":3}},{"start":{"line":15,"column":2},"end":{"line":17,"column":3}}],"line":15},"1":{"loc":{"start":{"line":22,"column":2},"end":{"line":24,"column":3}},"type":"if","locations":[{"start":{"line":22,"column":2},"end":{"line":24,"column":3}},{"start":{"line":22,"column":2},"end":{"line":24,"column":3}}],"line":22},"2":{"loc":{"start":{"line":29,"column":2},"end":{"line":42,"column":3}},"type":"switch","locations":[{"start":{"line":30,"column":4},"end":{"line":31,"column":47}},{"start":{"line":32,"column":4},"end":{"line":33,"column":42}},{"start":{"line":34,"column":4},"end":{"line":35,"column":43}},{"start":{"line":36,"column":4},"end":{"line":37,"column":43}},{"start":{"line":38,"column":4},"end":{"line":39,"column":42}},{"start":{"line":40,"column":4},"end":{"line":41,"column":42}}],"line":29},"3":{"loc":{"start":{"line":46,"column":2},"end":{"line":59,"column":3}},"type":"switch","locations":[{"start":{"line":47,"column":4},"end":{"line":48,"column":46}},{"start":{"line":49,"column":4},"end":{"line":50,"column":41}},{"start":{"line":51,"column":4},"end":{"line":52,"column":42}},{"start":{"line":53,"column":4},"end":{"line":54,"column":42}},{"start":{"line":55,"column":4},"end":{"line":56,"column":41}},{"start":{"line":57,"column":4},"end":{"line":58,"column":41}}],"line":46},"4":{"loc":{"start":{"line":63,"column":2},"end":{"line":94,"column":3}},"type":"switch","locations":[{"start":{"line":64,"column":4},"end":{"line":65,"column":32}},{"start":{"line":66,"column":4},"end":{"line":67,"column":31}},{"start":{"line":68,"column":4},"end":{"line":69,"column":32}},{"start":{"line":70,"column":4},"end":{"line":71,"column":33}},{"start":{"line":72,"column":4},"end":{"line":73,"column":35}},{"start":{"line":74,"column":4},"end":{"line":75,"column":37}},{"start":{"line":76,"column":4},"end":{"line":77,"column":37}},{"start":{"line":78,"column":4},"end":{"line":79,"column":35}},{"start":{"line":80,"column":4},"end":{"line":81,"column":38}},{"start":{"line":82,"column":4},"end":{"line":83,"column":39}},{"start":{"line":84,"column":4},"end":{"line":85,"column":36}},{"start":{"line":86,"column":4},"end":{"line":87,"column":39}},{"start":{"line":88,"column":4},"end":{"line":89,"column":40}},{"start":{"line":90,"column":4},"end":{"line":91,"column":41}},{"start":{"line":92,"column":4},"end":{"line":93,"column":32}}],"line":63},"5":{"loc":{"start":{"line":98,"column":2},"end":{"line":105,"column":3}},"type":"switch","locations":[{"start":{"line":99,"column":4},"end":{"line":99,"column":11}},{"start":{"line":100,"column":4},"end":{"line":100,"column":11}},{"start":{"line":101,"column":4},"end":{"line":102,"column":36}},{"start":{"line":103,"column":4},"end":{"line":104,"column":37}}],"line":98}},"s":{"0":2,"1":2,"2":2,"3":1,"4":1,"5":2,"6":1,"7":1,"8":12,"9":2,"10":2,"11":2,"12":2,"13":2,"14":2,"15":12,"16":2,"17":2,"18":2,"19":2,"20":2,"21":2,"22":17,"23":1,"24":1,"25":1,"26":1,"27":1,"28":1,"29":1,"30":1,"31":1,"32":1,"33":1,"34":1,"35":1,"36":1,"37":3,"38":14,"39":3,"40":11},"f":{"0":2,"1":2,"2":2,"3":2,"4":12,"5":12,"6":17,"7":14},"b":{"0":[1,1],"1":[1,1],"2":[2,2,2,2,2,2],"3":[2,2,2,2,2,2],"4":[1,1,1,1,1,1,1,1,1,1,1,1,1,1,3],"5":[1,2,3,11]},"_coverageSchema":"1a1c01bbd47fc00a2c39e90264f33305004495a9","hash":"dff6be1e23130cc857997ace6230bfd30810c837"}
,"/Users/iryna/2048/services/services.js": {"path":"/Users/iryna/2048/services/services.js","statementMap":{"0":{"start":{"line":3,"column":17},"end":{"line":3,"column":61}},"1":{"start":{"line":4,"column":2},"end":{"line":4,"column":16}},"2":{"start":{"line":9,"column":14},"end":{"line":9,"column":16}},"3":{"start":{"line":10,"column":2},"end":{"line":12,"column":3}},"4":{"start":{"line":10,"column":15},"end":{"line":10,"column":16}},"5":{"start":{"line":11,"column":4},"end":{"line":11,"column":38}},"6":{"start":{"line":13,"column":2},"end":{"line":13,"column":15}},"7":{"start":{"line":18,"column":20},"end":{"line":18,"column":67}},"8":{"start":{"line":19,"column":2},"end":{"line":19,"column":19}},"9":{"start":{"line":24,"column":17},"end":{"line":24,"column":60}},"10":{"start":{"line":25,"column":2},"end":{"line":29,"column":3}},"11":{"start":{"line":26,"column":4},"end":{"line":26,"column":13}},"12":{"start":{"line":28,"column":4},"end":{"line":28,"column":13}},"13":{"start":{"line":34,"column":14},"end":{"line":34,"column":16}},"14":{"start":{"line":35,"column":2},"end":{"line":41,"column":3}},"15":{"start":{"line":35,"column":15},"end":{"line":35,"column":16}},"16":{"start":{"line":36,"column":4},"end":{"line":36,"column":18}},"17":{"start":{"line":37,"column":4},"end":{"line":39,"column":5}},"18":{"start":{"line":37,"column":17},"end":{"line":37,"column":18}},"19":{"start":{"line":38,"column":6},"end":{"line":38,"column":23}},"20":{"start":{"line":40,"column":4},"end":{"line":40,"column":25}},"21":{"start":{"line":42,"column":2},"end":{"line":42,"column":15}},"22":{"start":{"line":47,"column":17},"end":{"line":47,"column":56}},"23":{"start":{"line":48,"column":2},"end":{"line":54,"column":3}},"24":{"start":{"line":48,"column":15},"end":{"line":48,"column":16}},"25":{"start":{"line":49,"column":4},"end":{"line":53,"column":5}},"26":{"start":{"line":49,"column":17},"end":{"line":49,"column":18}},"27":{"start":{"line":50,"column":6},"end":{"line":52,"column":7}},"28":{"start":{"line":51,"column":8},"end":{"line":51,"column":42}},"29":{"start":{"line":59,"column":16},"end":{"line":59,"column":35}},"30":{"start":{"line":60,"column":2},"end":{"line":60,"column":23}},"31":{"start":{"line":61,"column":2},"end":{"line":61,"column":23}},"32":{"start":{"line":62,"column":2},"end":{"line":62,"column":15}},"33":{"start":{"line":67,"column":23},"end":{"line":67,"column":25}},"34":{"start":{"line":68,"column":2},"end":{"line":76,"column":3}},"35":{"start":{"line":68,"column":15},"end":{"line":68,"column":16}},"36":{"start":{"line":69,"column":4},"end":{"line":75,"column":5}},"37":{"start":{"line":69,"column":17},"end":{"line":69,"column":18}},"38":{"start":{"line":70,"column":24},"end":{"line":70,"column":26}},"39":{"start":{"line":71,"column":6},"end":{"line":74,"column":7}},"40":{"start":{"line":72,"column":8},"end":{"line":72,"column":31}},"41":{"start":{"line":73,"column":8},"end":{"line":73,"column":41}},"42":{"start":{"line":77,"column":2},"end":{"line":77,"column":24}},"43":{"start":{"line":82,"column":20},"end":{"line":82,"column":41}},"44":{"start":{"line":83,"column":15},"end":{"line":83,"column":49}},"45":{"start":{"line":84,"column":2},"end":{"line":84,"column":52}},"46":{"start":{"line":85,"column":2},"end":{"line":85,"column":23}},"47":{"start":{"line":90,"column":2},"end":{"line":92,"column":3}},"48":{"start":{"line":91,"column":4},"end":{"line":91,"column":41}},"49":{"start":{"line":97,"column":2},"end":{"line":107,"column":3}},"50":{"start":{"line":98,"column":4},"end":{"line":98,"column":21}},"51":{"start":{"line":100,"column":22},"end":{"line":100,"column":24}},"52":{"start":{"line":101,"column":4},"end":{"line":105,"column":5}},"53":{"start":{"line":101,"column":17},"end":{"line":101,"column":18}},"54":{"start":{"line":102,"column":6},"end":{"line":104,"column":7}},"55":{"start":{"line":103,"column":8},"end":{"line":103,"column":35}},"56":{"start":{"line":106,"column":4},"end":{"line":106,"column":23}},"57":{"start":{"line":112,"column":14},"end":{"line":112,"column":15}},"58":{"start":{"line":113,"column":15},"end":{"line":113,"column":31}},"59":{"start":{"line":114,"column":2},"end":{"line":122,"column":3}},"60":{"start":{"line":114,"column":15},"end":{"line":114,"column":16}},"61":{"start":{"line":115,"column":4},"end":{"line":121,"column":5}},"62":{"start":{"line":116,"column":16},"end":{"line":116,"column":41}},"63":{"start":{"line":117,"column":6},"end":{"line":117,"column":19}},"64":{"start":{"line":118,"column":6},"end":{"line":118,"column":48}},"65":{"start":{"line":119,"column":6},"end":{"line":119,"column":20}},"66":{"start":{"line":120,"column":6},"end":{"line":120,"column":13}},"67":{"start":{"line":123,"column":15},"end":{"line":123,"column":40}},"68":{"start":{"line":124,"column":2},"end":{"line":124,"column":27}},"69":{"start":{"line":129,"column":14},"end":{"line":129,"column":15}},"70":{"start":{"line":130,"column":15},"end":{"line":130,"column":31}},"71":{"start":{"line":131,"column":2},"end":{"line":139,"column":3}},"72":{"start":{"line":131,"column":15},"end":{"line":131,"column":32}},"73":{"start":{"line":132,"column":4},"end":{"line":138,"column":5}},"74":{"start":{"line":133,"column":16},"end":{"line":133,"column":41}},"75":{"start":{"line":134,"column":6},"end":{"line":134,"column":19}},"76":{"start":{"line":135,"column":6},"end":{"line":135,"column":48}},"77":{"start":{"line":136,"column":6},"end":{"line":136,"column":20}},"78":{"start":{"line":137,"column":6},"end":{"line":137,"column":13}},"79":{"start":{"line":140,"column":15},"end":{"line":140,"column":40}},"80":{"start":{"line":141,"column":2},"end":{"line":141,"column":27}},"81":{"start":{"line":146,"column":26},"end":{"line":146,"column":49}},"82":{"start":{"line":147,"column":18},"end":{"line":147,"column":20}},"83":{"start":{"line":148,"column":2},"end":{"line":150,"column":3}},"84":{"start":{"line":148,"column":15},"end":{"line":148,"column":16}},"85":{"start":{"line":149,"column":4},"end":{"line":149,"column":45}},"86":{"start":{"line":151,"column":2},"end":{"line":151,"column":30}},"87":{"start":{"line":156,"column":26},"end":{"line":156,"column":52}},"88":{"start":{"line":157,"column":18},"end":{"line":157,"column":20}},"89":{"start":{"line":158,"column":2},"end":{"line":160,"column":3}},"90":{"start":{"line":158,"column":15},"end":{"line":158,"column":16}},"91":{"start":{"line":159,"column":4},"end":{"line":159,"column":21}},"92":{"start":{"line":161,"column":2},"end":{"line":163,"column":3}},"93":{"start":{"line":161,"column":15},"end":{"line":161,"column":16}},"94":{"start":{"line":162,"column":4},"end":{"line":162,"column":60}},"95":{"start":{"line":164,"column":2},"end":{"line":164,"column":30}},"96":{"start":{"line":169,"column":2},"end":{"line":173,"column":3}},"97":{"start":{"line":169,"column":15},"end":{"line":169,"column":16}},"98":{"start":{"line":170,"column":4},"end":{"line":172,"column":5}},"99":{"start":{"line":171,"column":6},"end":{"line":171,"column":18}},"100":{"start":{"line":174,"column":2},"end":{"line":174,"column":15}},"101":{"start":{"line":178,"column":18},"end":{"line":178,"column":23}},"102":{"start":{"line":179,"column":18},"end":{"line":179,"column":19}},"103":{"start":{"line":180,"column":2},"end":{"line":190,"column":3}},"104":{"start":{"line":180,"column":15},"end":{"line":180,"column":16}},"105":{"start":{"line":181,"column":20},"end":{"line":181,"column":54}},"106":{"start":{"line":182,"column":4},"end":{"line":182,"column":48}},"107":{"start":{"line":183,"column":18},"end":{"line":183,"column":52}},"108":{"start":{"line":184,"column":4},"end":{"line":186,"column":5}},"109":{"start":{"line":185,"column":6},"end":{"line":185,"column":23}},"110":{"start":{"line":187,"column":4},"end":{"line":189,"column":5}},"111":{"start":{"line":187,"column":17},"end":{"line":187,"column":18}},"112":{"start":{"line":188,"column":6},"end":{"line":188,"column":33}},"113":{"start":{"line":191,"column":2},"end":{"line":191,"column":40}},"114":{"start":{"line":192,"column":2},"end":{"line":192,"column":45}},"115":{"start":{"line":196,"column":18},"end":{"line":196,"column":23}},"116":{"start":{"line":197,"column":18},"end":{"line":197,"column":19}},"117":{"start":{"line":198,"column":2},"end":{"line":208,"column":3}},"118":{"start":{"line":198,"column":15},"end":{"line":198,"column":16}},"119":{"start":{"line":199,"column":21},"end":{"line":199,"column":58}},"120":{"start":{"line":200,"column":4},"end":{"line":200,"column":51}},"121":{"start":{"line":201,"column":18},"end":{"line":201,"column":53}},"122":{"start":{"line":202,"column":4},"end":{"line":204,"column":5}},"123":{"start":{"line":203,"column":6},"end":{"line":203,"column":23}},"124":{"start":{"line":205,"column":4},"end":{"line":207,"column":5}},"125":{"start":{"line":205,"column":17},"end":{"line":205,"column":18}},"126":{"start":{"line":206,"column":6},"end":{"line":206,"column":34}},"127":{"start":{"line":209,"column":2},"end":{"line":209,"column":40}},"128":{"start":{"line":210,"column":2},"end":{"line":210,"column":45}},"129":{"start":{"line":214,"column":18},"end":{"line":214,"column":23}},"130":{"start":{"line":215,"column":18},"end":{"line":215,"column":19}},"131":{"start":{"line":216,"column":2},"end":{"line":230,"column":3}},"132":{"start":{"line":216,"column":15},"end":{"line":216,"column":16}},"133":{"start":{"line":217,"column":20},"end":{"line":217,"column":22}},"134":{"start":{"line":218,"column":4},"end":{"line":220,"column":5}},"135":{"start":{"line":218,"column":17},"end":{"line":218,"column":18}},"136":{"start":{"line":219,"column":6},"end":{"line":219,"column":34}},"137":{"start":{"line":221,"column":18},"end":{"line":221,"column":53}},"138":{"start":{"line":222,"column":4},"end":{"line":222,"column":49}},"139":{"start":{"line":223,"column":18},"end":{"line":223,"column":51}},"140":{"start":{"line":224,"column":4},"end":{"line":226,"column":5}},"141":{"start":{"line":225,"column":6},"end":{"line":225,"column":23}},"142":{"start":{"line":227,"column":4},"end":{"line":229,"column":5}},"143":{"start":{"line":227,"column":17},"end":{"line":227,"column":18}},"144":{"start":{"line":228,"column":6},"end":{"line":228,"column":31}},"145":{"start":{"line":231,"column":2},"end":{"line":231,"column":40}},"146":{"start":{"line":232,"column":2},"end":{"line":232,"column":45}},"147":{"start":{"line":236,"column":18},"end":{"line":236,"column":23}},"148":{"start":{"line":237,"column":18},"end":{"line":237,"column":19}},"149":{"start":{"line":238,"column":2},"end":{"line":252,"column":3}},"150":{"start":{"line":238,"column":15},"end":{"line":238,"column":16}},"151":{"start":{"line":239,"column":20},"end":{"line":239,"column":22}},"152":{"start":{"line":240,"column":4},"end":{"line":242,"column":5}},"153":{"start":{"line":240,"column":17},"end":{"line":240,"column":18}},"154":{"start":{"line":241,"column":6},"end":{"line":241,"column":34}},"155":{"start":{"line":243,"column":20},"end":{"line":243,"column":58}},"156":{"start":{"line":244,"column":4},"end":{"line":244,"column":52}},"157":{"start":{"line":245,"column":18},"end":{"line":245,"column":53}},"158":{"start":{"line":246,"column":4},"end":{"line":248,"column":5}},"159":{"start":{"line":247,"column":6},"end":{"line":247,"column":23}},"160":{"start":{"line":249,"column":4},"end":{"line":251,"column":5}},"161":{"start":{"line":249,"column":17},"end":{"line":249,"column":18}},"162":{"start":{"line":250,"column":6},"end":{"line":250,"column":33}},"163":{"start":{"line":253,"column":2},"end":{"line":253,"column":40}},"164":{"start":{"line":254,"column":2},"end":{"line":254,"column":45}},"165":{"start":{"line":258,"column":2},"end":{"line":262,"column":3}},"166":{"start":{"line":259,"column":4},"end":{"line":259,"column":14}},"167":{"start":{"line":261,"column":4},"end":{"line":261,"column":16}},"168":{"start":{"line":266,"column":17},"end":{"line":266,"column":21}},"169":{"start":{"line":267,"column":2},"end":{"line":288,"column":3}},"170":{"start":{"line":268,"column":4},"end":{"line":268,"column":21}},"171":{"start":{"line":270,"column":4},"end":{"line":278,"column":5}},"172":{"start":{"line":270,"column":17},"end":{"line":270,"column":18}},"173":{"start":{"line":271,"column":6},"end":{"line":277,"column":7}},"174":{"start":{"line":271,"column":19},"end":{"line":271,"column":20}},"175":{"start":{"line":272,"column":8},"end":{"line":276,"column":9}},"176":{"start":{"line":273,"column":10},"end":{"line":275,"column":11}},"177":{"start":{"line":274,"column":12},"end":{"line":274,"column":29}},"178":{"start":{"line":279,"column":4},"end":{"line":287,"column":5}},"179":{"start":{"line":279,"column":17},"end":{"line":279,"column":18}},"180":{"start":{"line":280,"column":6},"end":{"line":286,"column":7}},"181":{"start":{"line":280,"column":19},"end":{"line":280,"column":20}},"182":{"start":{"line":281,"column":8},"end":{"line":285,"column":9}},"183":{"start":{"line":282,"column":10},"end":{"line":284,"column":11}},"184":{"start":{"line":283,"column":12},"end":{"line":283,"column":29}},"185":{"start":{"line":290,"column":2},"end":{"line":290,"column":18}},"186":{"start":{"line":294,"column":15},"end":{"line":294,"column":25}},"187":{"start":{"line":295,"column":2},"end":{"line":301,"column":3}},"188":{"start":{"line":295,"column":15},"end":{"line":295,"column":16}},"189":{"start":{"line":296,"column":4},"end":{"line":300,"column":5}},"190":{"start":{"line":296,"column":17},"end":{"line":296,"column":18}},"191":{"start":{"line":297,"column":6},"end":{"line":299,"column":7}},"192":{"start":{"line":298,"column":8},"end":{"line":298,"column":29}},"193":{"start":{"line":302,"column":2},"end":{"line":302,"column":16}}},"fnMap":{"0":{"name":"getRandomNumber","decl":{"start":{"line":2,"column":9},"end":{"line":2,"column":24}},"loc":{"start":{"line":2,"column":31},"end":{"line":5,"column":1}},"line":2},"1":{"name":"getCoordsToGenerateRandom","decl":{"start":{"line":8,"column":9},"end":{"line":8,"column":34}},"loc":{"start":{"line":8,"column":41},"end":{"line":14,"column":1}},"line":8},"2":{"name":"getRandomIdxFromArray","decl":{"start":{"line":17,"column":9},"end":{"line":17,"column":30}},"loc":{"start":{"line":17,"column":38},"end":{"line":20,"column":1}},"line":17},"3":{"name":"generateTwoOrFour","decl":{"start":{"line":23,"column":9},"end":{"line":23,"column":26}},"loc":{"start":{"line":23,"column":29},"end":{"line":30,"column":1}},"line":23},"4":{"name":"generateArray","decl":{"start":{"line":33,"column":16},"end":{"line":33,"column":29}},"loc":{"start":{"line":33,"column":36},"end":{"line":43,"column":1}},"line":33},"5":{"name":"putRandomItem","decl":{"start":{"line":46,"column":9},"end":{"line":46,"column":22}},"loc":{"start":{"line":46,"column":30},"end":{"line":55,"column":1}},"line":46},"6":{"name":"generateArrayWithTwoRandoms","decl":{"start":{"line":58,"column":16},"end":{"line":58,"column":43}},"loc":{"start":{"line":58,"column":50},"end":{"line":63,"column":1}},"line":58},"7":{"name":"getEmptySpaces","decl":{"start":{"line":66,"column":16},"end":{"line":66,"column":30}},"loc":{"start":{"line":66,"column":38},"end":{"line":78,"column":1}},"line":66},"8":{"name":"generateOneRandomInEmptyArray","decl":{"start":{"line":81,"column":9},"end":{"line":81,"column":38}},"loc":{"start":{"line":81,"column":46},"end":{"line":86,"column":1}},"line":81},"9":{"name":"checkIfRenderRandom","decl":{"start":{"line":89,"column":9},"end":{"line":89,"column":28}},"loc":{"start":{"line":89,"column":47},"end":{"line":93,"column":1}},"line":89},"10":{"name":"sortArray","decl":{"start":{"line":96,"column":16},"end":{"line":96,"column":25}},"loc":{"start":{"line":96,"column":33},"end":{"line":108,"column":1}},"line":96},"11":{"name":"joinSortedLeftUp","decl":{"start":{"line":111,"column":16},"end":{"line":111,"column":32}},"loc":{"start":{"line":111,"column":40},"end":{"line":125,"column":1}},"line":111},"12":{"name":"joinSortedRightDown","decl":{"start":{"line":128,"column":16},"end":{"line":128,"column":35}},"loc":{"start":{"line":128,"column":43},"end":{"line":142,"column":1}},"line":128},"13":{"name":"getLeftUpArray","decl":{"start":{"line":145,"column":16},"end":{"line":145,"column":30}},"loc":{"start":{"line":145,"column":38},"end":{"line":152,"column":1}},"line":145},"14":{"name":"getRightDownArray","decl":{"start":{"line":155,"column":16},"end":{"line":155,"column":33}},"loc":{"start":{"line":155,"column":41},"end":{"line":165,"column":1}},"line":155},"15":{"name":"compareArrays","decl":{"start":{"line":168,"column":16},"end":{"line":168,"column":29}},"loc":{"start":{"line":168,"column":50},"end":{"line":175,"column":1}},"line":168},"16":{"name":"onSwipeLeft","decl":{"start":{"line":177,"column":16},"end":{"line":177,"column":27}},"loc":{"start":{"line":177,"column":35},"end":{"line":193,"column":1}},"line":177},"17":{"name":"onSwipeRight","decl":{"start":{"line":195,"column":16},"end":{"line":195,"column":28}},"loc":{"start":{"line":195,"column":36},"end":{"line":211,"column":1}},"line":195},"18":{"name":"onSwipeUp","decl":{"start":{"line":213,"column":16},"end":{"line":213,"column":25}},"loc":{"start":{"line":213,"column":33},"end":{"line":233,"column":1}},"line":213},"19":{"name":"onSwipeDown","decl":{"start":{"line":235,"column":16},"end":{"line":235,"column":27}},"loc":{"start":{"line":235,"column":35},"end":{"line":255,"column":1}},"line":235},"20":{"name":"reverseNumberToEmptyString","decl":{"start":{"line":257,"column":16},"end":{"line":257,"column":42}},"loc":{"start":{"line":257,"column":49},"end":{"line":263,"column":1}},"line":257},"21":{"name":"checkIfGameOver","decl":{"start":{"line":265,"column":16},"end":{"line":265,"column":31}},"loc":{"start":{"line":265,"column":39},"end":{"line":291,"column":1}},"line":265},"22":{"name":"getTheBiggestFromArray","decl":{"start":{"line":293,"column":16},"end":{"line":293,"column":38}},"loc":{"start":{"line":293,"column":58},"end":{"line":303,"column":1}},"line":293}},"branchMap":{"0":{"loc":{"start":{"line":25,"column":2},"end":{"line":29,"column":3}},"type":"if","locations":[{"start":{"line":25,"column":2},"end":{"line":29,"column":3}},{"start":{"line":25,"column":2},"end":{"line":29,"column":3}}],"line":25},"1":{"loc":{"start":{"line":50,"column":6},"end":{"line":52,"column":7}},"type":"if","locations":[{"start":{"line":50,"column":6},"end":{"line":52,"column":7}},{"start":{"line":50,"column":6},"end":{"line":52,"column":7}}],"line":50},"2":{"loc":{"start":{"line":50,"column":10},"end":{"line":50,"column":44}},"type":"binary-expr","locations":[{"start":{"line":50,"column":10},"end":{"line":50,"column":25}},{"start":{"line":50,"column":29},"end":{"line":50,"column":44}}],"line":50},"3":{"loc":{"start":{"line":71,"column":6},"end":{"line":74,"column":7}},"type":"if","locations":[{"start":{"line":71,"column":6},"end":{"line":74,"column":7}},{"start":{"line":71,"column":6},"end":{"line":74,"column":7}}],"line":71},"4":{"loc":{"start":{"line":90,"column":2},"end":{"line":92,"column":3}},"type":"if","locations":[{"start":{"line":90,"column":2},"end":{"line":92,"column":3}},{"start":{"line":90,"column":2},"end":{"line":92,"column":3}}],"line":90},"5":{"loc":{"start":{"line":90,"column":6},"end":{"line":90,"column":53}},"type":"binary-expr","locations":[{"start":{"line":90,"column":6},"end":{"line":90,"column":15}},{"start":{"line":90,"column":19},"end":{"line":90,"column":53}}],"line":90},"6":{"loc":{"start":{"line":97,"column":2},"end":{"line":107,"column":3}},"type":"if","locations":[{"start":{"line":97,"column":2},"end":{"line":107,"column":3}},{"start":{"line":97,"column":2},"end":{"line":107,"column":3}}],"line":97},"7":{"loc":{"start":{"line":102,"column":6},"end":{"line":104,"column":7}},"type":"if","locations":[{"start":{"line":102,"column":6},"end":{"line":104,"column":7}},{"start":{"line":102,"column":6},"end":{"line":104,"column":7}}],"line":102},"8":{"loc":{"start":{"line":115,"column":4},"end":{"line":121,"column":5}},"type":"if","locations":[{"start":{"line":115,"column":4},"end":{"line":121,"column":5}},{"start":{"line":115,"column":4},"end":{"line":121,"column":5}}],"line":115},"9":{"loc":{"start":{"line":132,"column":4},"end":{"line":138,"column":5}},"type":"if","locations":[{"start":{"line":132,"column":4},"end":{"line":138,"column":5}},{"start":{"line":132,"column":4},"end":{"line":138,"column":5}}],"line":132},"10":{"loc":{"start":{"line":149,"column":19},"end":{"line":149,"column":44}},"type":"cond-expr","locations":[{"start":{"line":149,"column":31},"end":{"line":149,"column":40}},{"start":{"line":149,"column":43},"end":{"line":149,"column":44}}],"line":149},"11":{"loc":{"start":{"line":170,"column":4},"end":{"line":172,"column":5}},"type":"if","locations":[{"start":{"line":170,"column":4},"end":{"line":172,"column":5}},{"start":{"line":170,"column":4},"end":{"line":172,"column":5}}],"line":170},"12":{"loc":{"start":{"line":184,"column":4},"end":{"line":186,"column":5}},"type":"if","locations":[{"start":{"line":184,"column":4},"end":{"line":186,"column":5}},{"start":{"line":184,"column":4},"end":{"line":186,"column":5}}],"line":184},"13":{"loc":{"start":{"line":202,"column":4},"end":{"line":204,"column":5}},"type":"if","locations":[{"start":{"line":202,"column":4},"end":{"line":204,"column":5}},{"start":{"line":202,"column":4},"end":{"line":204,"column":5}}],"line":202},"14":{"loc":{"start":{"line":224,"column":4},"end":{"line":226,"column":5}},"type":"if","locations":[{"start":{"line":224,"column":4},"end":{"line":226,"column":5}},{"start":{"line":224,"column":4},"end":{"line":226,"column":5}}],"line":224},"15":{"loc":{"start":{"line":246,"column":4},"end":{"line":248,"column":5}},"type":"if","locations":[{"start":{"line":246,"column":4},"end":{"line":248,"column":5}},{"start":{"line":246,"column":4},"end":{"line":248,"column":5}}],"line":246},"16":{"loc":{"start":{"line":258,"column":2},"end":{"line":262,"column":3}},"type":"if","locations":[{"start":{"line":258,"column":2},"end":{"line":262,"column":3}},{"start":{"line":258,"column":2},"end":{"line":262,"column":3}}],"line":258},"17":{"loc":{"start":{"line":267,"column":2},"end":{"line":288,"column":3}},"type":"if","locations":[{"start":{"line":267,"column":2},"end":{"line":288,"column":3}},{"start":{"line":267,"column":2},"end":{"line":288,"column":3}}],"line":267},"18":{"loc":{"start":{"line":272,"column":8},"end":{"line":276,"column":9}},"type":"if","locations":[{"start":{"line":272,"column":8},"end":{"line":276,"column":9}},{"start":{"line":272,"column":8},"end":{"line":276,"column":9}}],"line":272},"19":{"loc":{"start":{"line":273,"column":10},"end":{"line":275,"column":11}},"type":"if","locations":[{"start":{"line":273,"column":10},"end":{"line":275,"column":11}},{"start":{"line":273,"column":10},"end":{"line":275,"column":11}}],"line":273},"20":{"loc":{"start":{"line":281,"column":8},"end":{"line":285,"column":9}},"type":"if","locations":[{"start":{"line":281,"column":8},"end":{"line":285,"column":9}},{"start":{"line":281,"column":8},"end":{"line":285,"column":9}}],"line":281},"21":{"loc":{"start":{"line":282,"column":10},"end":{"line":284,"column":11}},"type":"if","locations":[{"start":{"line":282,"column":10},"end":{"line":284,"column":11}},{"start":{"line":282,"column":10},"end":{"line":284,"column":11}}],"line":282},"22":{"loc":{"start":{"line":297,"column":6},"end":{"line":299,"column":7}},"type":"if","locations":[{"start":{"line":297,"column":6},"end":{"line":299,"column":7}},{"start":{"line":297,"column":6},"end":{"line":299,"column":7}}],"line":297}},"s":{"0":0,"1":0,"2":0,"3":0,"4":0,"5":0,"6":0,"7":0,"8":0,"9":0,"10":0,"11":0,"12":0,"13":5,"14":5,"15":5,"16":26,"17":26,"18":26,"19":150,"20":26,"21":5,"22":0,"23":0,"24":0,"25":0,"26":0,"27":0,"28":0,"29":0,"30":0,"31":0,"32":0,"33":5,"34":5,"35":5,"36":17,"37":17,"38":61,"39":61,"40":19,"41":19,"42":5,"43":0,"44":0,"45":0,"46":0,"47":4,"48":0,"49":90,"50":1,"51":89,"52":89,"53":89,"54":382,"55":246,"56":89,"57":24,"58":24,"59":24,"60":24,"61":54,"62":14,"63":14,"64":14,"65":14,"66":14,"67":24,"68":24,"69":19,"70":19,"71":19,"72":19,"73":51,"74":14,"75":14,"76":14,"77":14,"78":14,"79":19,"80":19,"81":21,"82":21,"83":21,"84":21,"85":115,"86":21,"87":16,"88":16,"89":16,"90":16,"91":29,"92":16,"93":16,"94":35,"95":16,"96":17,"97":17,"98":65,"99":2,"100":15,"101":1,"102":1,"103":1,"104":1,"105":6,"106":6,"107":6,"108":6,"109":0,"110":6,"111":6,"112":36,"113":1,"114":1,"115":1,"116":1,"117":1,"118":1,"119":3,"120":3,"121":3,"122":3,"123":0,"124":3,"125":3,"126":9,"127":1,"128":1,"129":1,"130":1,"131":1,"132":1,"133":3,"134":3,"135":3,"136":9,"137":3,"138":3,"139":3,"140":3,"141":0,"142":3,"143":3,"144":9,"145":1,"146":1,"147":1,"148":1,"149":1,"150":1,"151":3,"152":3,"153":3,"154":9,"155":3,"156":3,"157":3,"158":3,"159":0,"160":3,"161":3,"162":9,"163":1,"164":1,"165":2,"166":1,"167":1,"168":3,"169":3,"170":1,"171":2,"172":2,"173":6,"174":6,"175":18,"176":12,"177":1,"178":2,"179":2,"180":6,"181":6,"182":18,"183":12,"184":2,"185":3,"186":3,"187":3,"188":3,"189":9,"190":9,"191":27,"192":2,"193":3},"f":{"0":0,"1":0,"2":0,"3":0,"4":5,"5":0,"6":0,"7":5,"8":0,"9":4,"10":90,"11":24,"12":19,"13":21,"14":16,"15":17,"16":1,"17":1,"18":1,"19":1,"20":2,"21":3,"22":3},"b":{"0":[0,0],"1":[0,0],"2":[0,0],"3":[19,42],"4":[0,4],"5":[4,0],"6":[1,89],"7":[246,136],"8":[14,40],"9":[14,37],"10":[38,77],"11":[2,63],"12":[0,6],"13":[0,3],"14":[0,3],"15":[0,3],"16":[1,1],"17":[1,2],"18":[12,6],"19":[1,11],"20":[12,6],"21":[2,10],"22":[2,25]},"_coverageSchema":"1a1c01bbd47fc00a2c39e90264f33305004495a9","hash":"b1c9e85a57f56d52ce59b4cc825e19b1bc6d611a"}
}
