TN:
SF:constants/boxbackgrounds.js
FNF:0
FNH:0
DA:1,1
LF:1
LH:1
BRF:0
BRH:0
end_of_record
TN:
SF:constants/boxsize.js
FNF:0
FNH:0
DA:1,1
LF:1
LH:1
BRF:0
BRH:0
end_of_record
TN:
SF:constants/numbercolors.js
FNF:0
FNH:0
DA:1,1
LF:1
LH:1
BRF:0
BRH:0
end_of_record
TN:
SF:constants/titles.js
FNF:0
FNH:0
DA:1,1
LF:1
LH:1
BRF:0
BRH:0
end_of_record
TN:
SF:helpers/helpers.js
FN:6,getBack
FN:10,getForward
FN:14,getBackSize
FN:21,getForwardSize
FN:28,getBoxSize
FN:45,getFontSize
FN:62,getBackgroundNumberBox
FN:97,getNumberColor
FNF:8
FNH:8
FNDA:2,getBack
FNDA:2,getForward
FNDA:2,getBackSize
FNDA:2,getForwardSize
FNDA:12,getBoxSize
FNDA:12,getFontSize
FNDA:17,getBackgroundNumberBox
FNDA:14,getNumberColor
DA:7,2
DA:11,2
DA:15,2
DA:16,1
DA:18,1
DA:22,2
DA:23,1
DA:25,1
DA:29,12
DA:31,2
DA:33,2
DA:35,2
DA:37,2
DA:39,2
DA:41,2
DA:46,12
DA:48,2
DA:50,2
DA:52,2
DA:54,2
DA:56,2
DA:58,2
DA:63,17
DA:65,1
DA:67,1
DA:69,1
DA:71,1
DA:73,1
DA:75,1
DA:77,1
DA:79,1
DA:81,1
DA:83,1
DA:85,1
DA:87,1
DA:89,1
DA:91,1
DA:93,3
DA:98,14
DA:102,3
DA:104,11
LF:41
LH:41
BRDA:15,0,0,1
BRDA:15,0,1,1
BRDA:22,1,0,1
BRDA:22,1,1,1
BRDA:29,2,0,2
BRDA:29,2,1,2
BRDA:29,2,2,2
BRDA:29,2,3,2
BRDA:29,2,4,2
BRDA:29,2,5,2
BRDA:46,3,0,2
BRDA:46,3,1,2
BRDA:46,3,2,2
BRDA:46,3,3,2
BRDA:46,3,4,2
BRDA:46,3,5,2
BRDA:63,4,0,1
BRDA:63,4,1,1
BRDA:63,4,2,1
BRDA:63,4,3,1
BRDA:63,4,4,1
BRDA:63,4,5,1
BRDA:63,4,6,1
BRDA:63,4,7,1
BRDA:63,4,8,1
BRDA:63,4,9,1
BRDA:63,4,10,1
BRDA:63,4,11,1
BRDA:63,4,12,1
BRDA:63,4,13,1
BRDA:63,4,14,3
BRDA:98,5,0,1
BRDA:98,5,1,2
BRDA:98,5,2,3
BRDA:98,5,3,11
BRF:35
BRH:35
end_of_record
TN:
SF:services/services.js
FN:2,getRandomNumber
FN:8,getCoordsToGenerateRandom
FN:17,getRandomIdxFromArray
FN:23,generateTwoOrFour
FN:33,generateArray
FN:46,putRandomItem
FN:58,generateArrayWithTwoRandoms
FN:66,getEmptySpaces
FN:81,generateOneRandomInEmptyArray
FN:89,checkIfRenderRandom
FN:96,sortArray
FN:111,joinSortedLeftUp
FN:128,joinSortedRightDown
FN:145,getLeftUpArray
FN:155,getRightDownArray
FN:168,compareArrays
FN:177,onSwipeLeft
FN:195,onSwipeRight
FN:213,onSwipeUp
FN:235,onSwipeDown
FN:257,reverseNumberToEmptyString
FN:265,checkIfGameOver
FN:293,getTheBiggestFromArray
FNF:23
FNH:16
FNDA:0,getRandomNumber
FNDA:0,getCoordsToGenerateRandom
FNDA:0,getRandomIdxFromArray
FNDA:0,generateTwoOrFour
FNDA:5,generateArray
FNDA:0,putRandomItem
FNDA:0,generateArrayWithTwoRandoms
FNDA:5,getEmptySpaces
FNDA:0,generateOneRandomInEmptyArray
FNDA:4,checkIfRenderRandom
FNDA:90,sortArray
FNDA:24,joinSortedLeftUp
FNDA:19,joinSortedRightDown
FNDA:21,getLeftUpArray
FNDA:16,getRightDownArray
FNDA:17,compareArrays
FNDA:1,onSwipeLeft
FNDA:1,onSwipeRight
FNDA:1,onSwipeUp
FNDA:1,onSwipeDown
FNDA:2,reverseNumberToEmptyString
FNDA:3,checkIfGameOver
FNDA:3,getTheBiggestFromArray
DA:3,0
DA:4,0
DA:9,0
DA:10,0
DA:11,0
DA:13,0
DA:18,0
DA:19,0
DA:24,0
DA:25,0
DA:26,0
DA:28,0
DA:34,5
DA:35,5
DA:36,26
DA:37,26
DA:38,150
DA:40,26
DA:42,5
DA:47,0
DA:48,0
DA:49,0
DA:50,0
DA:51,0
DA:59,0
DA:60,0
DA:61,0
DA:62,0
DA:67,5
DA:68,5
DA:69,17
DA:70,61
DA:71,61
DA:72,19
DA:73,19
DA:77,5
DA:82,0
DA:83,0
DA:84,0
DA:85,0
DA:90,4
DA:91,0
DA:97,90
DA:98,1
DA:100,89
DA:101,89
DA:102,382
DA:103,246
DA:106,89
DA:112,24
DA:113,24
DA:114,24
DA:115,54
DA:116,14
DA:117,14
DA:118,14
DA:119,14
DA:120,14
DA:123,24
DA:124,24
DA:129,19
DA:130,19
DA:131,19
DA:132,51
DA:133,14
DA:134,14
DA:135,14
DA:136,14
DA:137,14
DA:140,19
DA:141,19
DA:146,21
DA:147,21
DA:148,21
DA:149,115
DA:151,21
DA:156,16
DA:157,16
DA:158,16
DA:159,29
DA:161,16
DA:162,35
DA:164,16
DA:169,17
DA:170,65
DA:171,2
DA:174,15
DA:178,1
DA:179,1
DA:180,1
DA:181,6
DA:182,6
DA:183,6
DA:184,6
DA:185,0
DA:187,6
DA:188,36
DA:191,1
DA:192,1
DA:196,1
DA:197,1
DA:198,1
DA:199,3
DA:200,3
DA:201,3
DA:202,3
DA:203,0
DA:205,3
DA:206,9
DA:209,1
DA:210,1
DA:214,1
DA:215,1
DA:216,1
DA:217,3
DA:218,3
DA:219,9
DA:221,3
DA:222,3
DA:223,3
DA:224,3
DA:225,0
DA:227,3
DA:228,9
DA:231,1
DA:232,1
DA:236,1
DA:237,1
DA:238,1
DA:239,3
DA:240,3
DA:241,9
DA:243,3
DA:244,3
DA:245,3
DA:246,3
DA:247,0
DA:249,3
DA:250,9
DA:253,1
DA:254,1
DA:258,2
DA:259,1
DA:261,1
DA:266,3
DA:267,3
DA:268,1
DA:270,2
DA:271,6
DA:272,18
DA:273,12
DA:274,1
DA:279,2
DA:280,6
DA:281,18
DA:282,12
DA:283,2
DA:290,3
DA:294,3
DA:295,3
DA:296,9
DA:297,27
DA:298,2
DA:302,3
LF:164
LH:134
BRDA:25,0,0,0
BRDA:25,0,1,0
BRDA:50,1,0,0
BRDA:50,1,1,0
BRDA:50,2,0,0
BRDA:50,2,1,0
BRDA:71,3,0,19
BRDA:71,3,1,42
BRDA:90,4,0,0
BRDA:90,4,1,4
BRDA:90,5,0,4
BRDA:90,5,1,0
BRDA:97,6,0,1
BRDA:97,6,1,89
BRDA:102,7,0,246
BRDA:102,7,1,136
BRDA:115,8,0,14
BRDA:115,8,1,40
BRDA:132,9,0,14
BRDA:132,9,1,37
BRDA:149,10,0,38
BRDA:149,10,1,77
BRDA:170,11,0,2
BRDA:170,11,1,63
BRDA:184,12,0,0
BRDA:184,12,1,6
BRDA:202,13,0,0
BRDA:202,13,1,3
BRDA:224,14,0,0
BRDA:224,14,1,3
BRDA:246,15,0,0
BRDA:246,15,1,3
BRDA:258,16,0,1
BRDA:258,16,1,1
BRDA:267,17,0,1
BRDA:267,17,1,2
BRDA:272,18,0,12
BRDA:272,18,1,6
BRDA:273,19,0,1
BRDA:273,19,1,11
BRDA:281,20,0,12
BRDA:281,20,1,6
BRDA:282,21,0,2
BRDA:282,21,1,10
BRDA:297,22,0,2
BRDA:297,22,1,25
BRF:46
BRH:34
end_of_record
